   1              		.syntax unified
   2              		.cpu cortex-m3
   3              		.fpu softvfp
   4              		.eabi_attribute 20, 1
   5              		.eabi_attribute 21, 1
   6              		.eabi_attribute 23, 3
   7              		.eabi_attribute 24, 1
   8              		.eabi_attribute 25, 1
   9              		.eabi_attribute 26, 1
  10              		.eabi_attribute 30, 6
  11              		.eabi_attribute 18, 4
  12              		.thumb
  13              		.file	"stm32f10x_dbgmcu.c"
  23              	.Ltext0:
  24              		.file 1 "../StdPeripheralDriver/src/stm32f10x_dbgmcu.c"
 17655              		.align	2
 17656              		.global	DBGMCU_GetREVID
 17657              		.thumb
 17658              		.thumb_func
 17660              	DBGMCU_GetREVID:
 17661              	.LFB29:
   1:../StdPeripheralDriver/src/stm32f10x_dbgmcu.c **** /**
   2:../StdPeripheralDriver/src/stm32f10x_dbgmcu.c ****   ******************************************************************************
   3:../StdPeripheralDriver/src/stm32f10x_dbgmcu.c ****   * @file    stm32f10x_dbgmcu.c
   4:../StdPeripheralDriver/src/stm32f10x_dbgmcu.c ****   * @author  MCD Application Team
   5:../StdPeripheralDriver/src/stm32f10x_dbgmcu.c ****   * @version V3.5.0
   6:../StdPeripheralDriver/src/stm32f10x_dbgmcu.c ****   * @date    11-March-2011
   7:../StdPeripheralDriver/src/stm32f10x_dbgmcu.c ****   * @brief   This file provides all the DBGMCU firmware functions.
   8:../StdPeripheralDriver/src/stm32f10x_dbgmcu.c ****   ******************************************************************************
   9:../StdPeripheralDriver/src/stm32f10x_dbgmcu.c ****   * @attention
  10:../StdPeripheralDriver/src/stm32f10x_dbgmcu.c ****   *
  11:../StdPeripheralDriver/src/stm32f10x_dbgmcu.c ****   * THE PRESENT FIRMWARE WHICH IS FOR GUIDANCE ONLY AIMS AT PROVIDING CUSTOMERS
  12:../StdPeripheralDriver/src/stm32f10x_dbgmcu.c ****   * WITH CODING INFORMATION REGARDING THEIR PRODUCTS IN ORDER FOR THEM TO SAVE
  13:../StdPeripheralDriver/src/stm32f10x_dbgmcu.c ****   * TIME. AS A RESULT, STMICROELECTRONICS SHALL NOT BE HELD LIABLE FOR ANY
  14:../StdPeripheralDriver/src/stm32f10x_dbgmcu.c ****   * DIRECT, INDIRECT OR CONSEQUENTIAL DAMAGES WITH RESPECT TO ANY CLAIMS ARISING
  15:../StdPeripheralDriver/src/stm32f10x_dbgmcu.c ****   * FROM THE CONTENT OF SUCH FIRMWARE AND/OR THE USE MADE BY CUSTOMERS OF THE
  16:../StdPeripheralDriver/src/stm32f10x_dbgmcu.c ****   * CODING INFORMATION CONTAINED HEREIN IN CONNECTION WITH THEIR PRODUCTS.
  17:../StdPeripheralDriver/src/stm32f10x_dbgmcu.c ****   *
  18:../StdPeripheralDriver/src/stm32f10x_dbgmcu.c ****   * <h2><center>&copy; COPYRIGHT 2011 STMicroelectronics</center></h2>
  19:../StdPeripheralDriver/src/stm32f10x_dbgmcu.c ****   ******************************************************************************
  20:../StdPeripheralDriver/src/stm32f10x_dbgmcu.c ****   */
  21:../StdPeripheralDriver/src/stm32f10x_dbgmcu.c **** 
  22:../StdPeripheralDriver/src/stm32f10x_dbgmcu.c **** /* Includes ------------------------------------------------------------------*/
  23:../StdPeripheralDriver/src/stm32f10x_dbgmcu.c **** #include "stm32f10x_dbgmcu.h"
  24:../StdPeripheralDriver/src/stm32f10x_dbgmcu.c **** 
  25:../StdPeripheralDriver/src/stm32f10x_dbgmcu.c **** /** @addtogroup STM32F10x_StdPeriph_Driver
  26:../StdPeripheralDriver/src/stm32f10x_dbgmcu.c ****   * @{
  27:../StdPeripheralDriver/src/stm32f10x_dbgmcu.c ****   */
  28:../StdPeripheralDriver/src/stm32f10x_dbgmcu.c **** 
  29:../StdPeripheralDriver/src/stm32f10x_dbgmcu.c **** /** @defgroup DBGMCU 
  30:../StdPeripheralDriver/src/stm32f10x_dbgmcu.c ****   * @brief DBGMCU driver modules
  31:../StdPeripheralDriver/src/stm32f10x_dbgmcu.c ****   * @{
  32:../StdPeripheralDriver/src/stm32f10x_dbgmcu.c ****   */ 
  33:../StdPeripheralDriver/src/stm32f10x_dbgmcu.c **** 
  34:../StdPeripheralDriver/src/stm32f10x_dbgmcu.c **** /** @defgroup DBGMCU_Private_TypesDefinitions
  35:../StdPeripheralDriver/src/stm32f10x_dbgmcu.c ****   * @{
  36:../StdPeripheralDriver/src/stm32f10x_dbgmcu.c ****   */
  37:../StdPeripheralDriver/src/stm32f10x_dbgmcu.c **** 
  38:../StdPeripheralDriver/src/stm32f10x_dbgmcu.c **** /**
  39:../StdPeripheralDriver/src/stm32f10x_dbgmcu.c ****   * @}
  40:../StdPeripheralDriver/src/stm32f10x_dbgmcu.c ****   */
  41:../StdPeripheralDriver/src/stm32f10x_dbgmcu.c **** 
  42:../StdPeripheralDriver/src/stm32f10x_dbgmcu.c **** /** @defgroup DBGMCU_Private_Defines
  43:../StdPeripheralDriver/src/stm32f10x_dbgmcu.c ****   * @{
  44:../StdPeripheralDriver/src/stm32f10x_dbgmcu.c ****   */
  45:../StdPeripheralDriver/src/stm32f10x_dbgmcu.c **** 
  46:../StdPeripheralDriver/src/stm32f10x_dbgmcu.c **** #define IDCODE_DEVID_MASK    ((uint32_t)0x00000FFF)
  47:../StdPeripheralDriver/src/stm32f10x_dbgmcu.c **** /**
  48:../StdPeripheralDriver/src/stm32f10x_dbgmcu.c ****   * @}
  49:../StdPeripheralDriver/src/stm32f10x_dbgmcu.c ****   */
  50:../StdPeripheralDriver/src/stm32f10x_dbgmcu.c **** 
  51:../StdPeripheralDriver/src/stm32f10x_dbgmcu.c **** /** @defgroup DBGMCU_Private_Macros
  52:../StdPeripheralDriver/src/stm32f10x_dbgmcu.c ****   * @{
  53:../StdPeripheralDriver/src/stm32f10x_dbgmcu.c ****   */
  54:../StdPeripheralDriver/src/stm32f10x_dbgmcu.c **** 
  55:../StdPeripheralDriver/src/stm32f10x_dbgmcu.c **** /**
  56:../StdPeripheralDriver/src/stm32f10x_dbgmcu.c ****   * @}
  57:../StdPeripheralDriver/src/stm32f10x_dbgmcu.c ****   */
  58:../StdPeripheralDriver/src/stm32f10x_dbgmcu.c **** 
  59:../StdPeripheralDriver/src/stm32f10x_dbgmcu.c **** /** @defgroup DBGMCU_Private_Variables
  60:../StdPeripheralDriver/src/stm32f10x_dbgmcu.c ****   * @{
  61:../StdPeripheralDriver/src/stm32f10x_dbgmcu.c ****   */
  62:../StdPeripheralDriver/src/stm32f10x_dbgmcu.c **** 
  63:../StdPeripheralDriver/src/stm32f10x_dbgmcu.c **** /**
  64:../StdPeripheralDriver/src/stm32f10x_dbgmcu.c ****   * @}
  65:../StdPeripheralDriver/src/stm32f10x_dbgmcu.c ****   */
  66:../StdPeripheralDriver/src/stm32f10x_dbgmcu.c **** 
  67:../StdPeripheralDriver/src/stm32f10x_dbgmcu.c **** /** @defgroup DBGMCU_Private_FunctionPrototypes
  68:../StdPeripheralDriver/src/stm32f10x_dbgmcu.c ****   * @{
  69:../StdPeripheralDriver/src/stm32f10x_dbgmcu.c ****   */
  70:../StdPeripheralDriver/src/stm32f10x_dbgmcu.c **** 
  71:../StdPeripheralDriver/src/stm32f10x_dbgmcu.c **** /**
  72:../StdPeripheralDriver/src/stm32f10x_dbgmcu.c ****   * @}
  73:../StdPeripheralDriver/src/stm32f10x_dbgmcu.c ****   */
  74:../StdPeripheralDriver/src/stm32f10x_dbgmcu.c **** 
  75:../StdPeripheralDriver/src/stm32f10x_dbgmcu.c **** /** @defgroup DBGMCU_Private_Functions
  76:../StdPeripheralDriver/src/stm32f10x_dbgmcu.c ****   * @{
  77:../StdPeripheralDriver/src/stm32f10x_dbgmcu.c ****   */
  78:../StdPeripheralDriver/src/stm32f10x_dbgmcu.c **** 
  79:../StdPeripheralDriver/src/stm32f10x_dbgmcu.c **** /**
  80:../StdPeripheralDriver/src/stm32f10x_dbgmcu.c ****   * @brief  Returns the device revision identifier.
  81:../StdPeripheralDriver/src/stm32f10x_dbgmcu.c ****   * @param  None
  82:../StdPeripheralDriver/src/stm32f10x_dbgmcu.c ****   * @retval Device revision identifier
  83:../StdPeripheralDriver/src/stm32f10x_dbgmcu.c ****   */
  84:../StdPeripheralDriver/src/stm32f10x_dbgmcu.c **** uint32_t DBGMCU_GetREVID(void)
  85:../StdPeripheralDriver/src/stm32f10x_dbgmcu.c **** {
 17662              		.loc 1 85 0
 17663              		.cfi_startproc
 17664              		@ args = 0, pretend = 0, frame = 0
 17665              		@ frame_needed = 1, uses_anonymous_args = 0
 17666              		@ link register save eliminated.
 17667 0000 80B4     		push	{r7}
 17668              	.LCFI0:
 17669              		.cfi_def_cfa_offset 4
 17670 0002 00AF     		add	r7, sp, #0
 17671              		.cfi_offset 7, -4
 17672              	.LCFI1:
 17673              		.cfi_def_cfa_register 7
  86:../StdPeripheralDriver/src/stm32f10x_dbgmcu.c ****    return(DBGMCU->IDCODE >> 16);
 17674              		.loc 1 86 0
 17675 0004 034B     		ldr	r3, .L2
 17676 0006 1B68     		ldr	r3, [r3, #0]
 17677 0008 4FEA1343 		lsr	r3, r3, #16
  87:../StdPeripheralDriver/src/stm32f10x_dbgmcu.c **** }
 17678              		.loc 1 87 0
 17679 000c 1846     		mov	r0, r3
 17680 000e BD46     		mov	sp, r7
 17681 0010 80BC     		pop	{r7}
 17682 0012 7047     		bx	lr
 17683              	.L3:
 17684              		.align	2
 17685              	.L2:
 17686 0014 002004E0 		.word	-536600576
 17687              		.cfi_endproc
 17688              	.LFE29:
 17690              		.section	.text.DBGMCU_GetDEVID,"ax",%progbits
 17691              		.align	2
 17692              		.global	DBGMCU_GetDEVID
 17693              		.thumb
 17694              		.thumb_func
 17696              	DBGMCU_GetDEVID:
 17697              	.LFB30:
  88:../StdPeripheralDriver/src/stm32f10x_dbgmcu.c **** 
  89:../StdPeripheralDriver/src/stm32f10x_dbgmcu.c **** /**
  90:../StdPeripheralDriver/src/stm32f10x_dbgmcu.c ****   * @brief  Returns the device identifier.
  91:../StdPeripheralDriver/src/stm32f10x_dbgmcu.c ****   * @param  None
  92:../StdPeripheralDriver/src/stm32f10x_dbgmcu.c ****   * @retval Device identifier
  93:../StdPeripheralDriver/src/stm32f10x_dbgmcu.c ****   */
  94:../StdPeripheralDriver/src/stm32f10x_dbgmcu.c **** uint32_t DBGMCU_GetDEVID(void)
  95:../StdPeripheralDriver/src/stm32f10x_dbgmcu.c **** {
 17698              		.loc 1 95 0
 17699              		.cfi_startproc
 17700              		@ args = 0, pretend = 0, frame = 0
 17701              		@ frame_needed = 1, uses_anonymous_args = 0
 17702              		@ link register save eliminated.
 17703 0000 80B4     		push	{r7}
 17704              	.LCFI2:
 17705              		.cfi_def_cfa_offset 4
 17706 0002 00AF     		add	r7, sp, #0
 17707              		.cfi_offset 7, -4
 17708              	.LCFI3:
 17709              		.cfi_def_cfa_register 7
  96:../StdPeripheralDriver/src/stm32f10x_dbgmcu.c ****    return(DBGMCU->IDCODE & IDCODE_DEVID_MASK);
 17710              		.loc 1 96 0
 17711 0004 044B     		ldr	r3, .L5
 17712 0006 1B68     		ldr	r3, [r3, #0]
 17713 0008 4FEA0353 		lsl	r3, r3, #20
 17714 000c 4FEA1353 		lsr	r3, r3, #20
  97:../StdPeripheralDriver/src/stm32f10x_dbgmcu.c **** }
 17715              		.loc 1 97 0
 17716 0010 1846     		mov	r0, r3
 17717 0012 BD46     		mov	sp, r7
 17718 0014 80BC     		pop	{r7}
 17719 0016 7047     		bx	lr
 17720              	.L6:
 17721              		.align	2
 17722              	.L5:
 17723 0018 002004E0 		.word	-536600576
 17724              		.cfi_endproc
 17725              	.LFE30:
 17727              		.section	.text.DBGMCU_Config,"ax",%progbits
 17728              		.align	2
 17729              		.global	DBGMCU_Config
 17730              		.thumb
 17731              		.thumb_func
 17733              	DBGMCU_Config:
 17734              	.LFB31:
  98:../StdPeripheralDriver/src/stm32f10x_dbgmcu.c **** 
  99:../StdPeripheralDriver/src/stm32f10x_dbgmcu.c **** /**
 100:../StdPeripheralDriver/src/stm32f10x_dbgmcu.c ****   * @brief  Configures the specified peripheral and low power mode behavior
 101:../StdPeripheralDriver/src/stm32f10x_dbgmcu.c ****   *   when the MCU under Debug mode.
 102:../StdPeripheralDriver/src/stm32f10x_dbgmcu.c ****   * @param  DBGMCU_Periph: specifies the peripheral and low power mode.
 103:../StdPeripheralDriver/src/stm32f10x_dbgmcu.c ****   *   This parameter can be any combination of the following values:
 104:../StdPeripheralDriver/src/stm32f10x_dbgmcu.c ****   *     @arg DBGMCU_SLEEP: Keep debugger connection during SLEEP mode              
 105:../StdPeripheralDriver/src/stm32f10x_dbgmcu.c ****   *     @arg DBGMCU_STOP: Keep debugger connection during STOP mode               
 106:../StdPeripheralDriver/src/stm32f10x_dbgmcu.c ****   *     @arg DBGMCU_STANDBY: Keep debugger connection during STANDBY mode            
 107:../StdPeripheralDriver/src/stm32f10x_dbgmcu.c ****   *     @arg DBGMCU_IWDG_STOP: Debug IWDG stopped when Core is halted          
 108:../StdPeripheralDriver/src/stm32f10x_dbgmcu.c ****   *     @arg DBGMCU_WWDG_STOP: Debug WWDG stopped when Core is halted          
 109:../StdPeripheralDriver/src/stm32f10x_dbgmcu.c ****   *     @arg DBGMCU_TIM1_STOP: TIM1 counter stopped when Core is halted          
 110:../StdPeripheralDriver/src/stm32f10x_dbgmcu.c ****   *     @arg DBGMCU_TIM2_STOP: TIM2 counter stopped when Core is halted          
 111:../StdPeripheralDriver/src/stm32f10x_dbgmcu.c ****   *     @arg DBGMCU_TIM3_STOP: TIM3 counter stopped when Core is halted          
 112:../StdPeripheralDriver/src/stm32f10x_dbgmcu.c ****   *     @arg DBGMCU_TIM4_STOP: TIM4 counter stopped when Core is halted          
 113:../StdPeripheralDriver/src/stm32f10x_dbgmcu.c ****   *     @arg DBGMCU_CAN1_STOP: Debug CAN2 stopped when Core is halted           
 114:../StdPeripheralDriver/src/stm32f10x_dbgmcu.c ****   *     @arg DBGMCU_I2C1_SMBUS_TIMEOUT: I2C1 SMBUS timeout mode stopped when Core is halted
 115:../StdPeripheralDriver/src/stm32f10x_dbgmcu.c ****   *     @arg DBGMCU_I2C2_SMBUS_TIMEOUT: I2C2 SMBUS timeout mode stopped when Core is halted
 116:../StdPeripheralDriver/src/stm32f10x_dbgmcu.c ****   *     @arg DBGMCU_TIM5_STOP: TIM5 counter stopped when Core is halted          
 117:../StdPeripheralDriver/src/stm32f10x_dbgmcu.c ****   *     @arg DBGMCU_TIM6_STOP: TIM6 counter stopped when Core is halted          
 118:../StdPeripheralDriver/src/stm32f10x_dbgmcu.c ****   *     @arg DBGMCU_TIM7_STOP: TIM7 counter stopped when Core is halted          
 119:../StdPeripheralDriver/src/stm32f10x_dbgmcu.c ****   *     @arg DBGMCU_TIM8_STOP: TIM8 counter stopped when Core is halted
 120:../StdPeripheralDriver/src/stm32f10x_dbgmcu.c ****   *     @arg DBGMCU_CAN2_STOP: Debug CAN2 stopped when Core is halted 
 121:../StdPeripheralDriver/src/stm32f10x_dbgmcu.c ****   *     @arg DBGMCU_TIM15_STOP: TIM15 counter stopped when Core is halted
 122:../StdPeripheralDriver/src/stm32f10x_dbgmcu.c ****   *     @arg DBGMCU_TIM16_STOP: TIM16 counter stopped when Core is halted
 123:../StdPeripheralDriver/src/stm32f10x_dbgmcu.c ****   *     @arg DBGMCU_TIM17_STOP: TIM17 counter stopped when Core is halted                
 124:../StdPeripheralDriver/src/stm32f10x_dbgmcu.c ****   *     @arg DBGMCU_TIM9_STOP: TIM9 counter stopped when Core is halted
 125:../StdPeripheralDriver/src/stm32f10x_dbgmcu.c ****   *     @arg DBGMCU_TIM10_STOP: TIM10 counter stopped when Core is halted
 126:../StdPeripheralDriver/src/stm32f10x_dbgmcu.c ****   *     @arg DBGMCU_TIM11_STOP: TIM11 counter stopped when Core is halted
 127:../StdPeripheralDriver/src/stm32f10x_dbgmcu.c ****   *     @arg DBGMCU_TIM12_STOP: TIM12 counter stopped when Core is halted
 128:../StdPeripheralDriver/src/stm32f10x_dbgmcu.c ****   *     @arg DBGMCU_TIM13_STOP: TIM13 counter stopped when Core is halted
 129:../StdPeripheralDriver/src/stm32f10x_dbgmcu.c ****   *     @arg DBGMCU_TIM14_STOP: TIM14 counter stopped when Core is halted
 130:../StdPeripheralDriver/src/stm32f10x_dbgmcu.c ****   * @param  NewState: new state of the specified peripheral in Debug mode.
 131:../StdPeripheralDriver/src/stm32f10x_dbgmcu.c ****   *   This parameter can be: ENABLE or DISABLE.
 132:../StdPeripheralDriver/src/stm32f10x_dbgmcu.c ****   * @retval None
 133:../StdPeripheralDriver/src/stm32f10x_dbgmcu.c ****   */
 134:../StdPeripheralDriver/src/stm32f10x_dbgmcu.c **** void DBGMCU_Config(uint32_t DBGMCU_Periph, FunctionalState NewState)
 135:../StdPeripheralDriver/src/stm32f10x_dbgmcu.c **** {
 17735              		.loc 1 135 0
 17736              		.cfi_startproc
 17737              		@ args = 0, pretend = 0, frame = 8
 17738              		@ frame_needed = 1, uses_anonymous_args = 0
 17739              		@ link register save eliminated.
 17740 0000 80B4     		push	{r7}
 17741              	.LCFI4:
 17742              		.cfi_def_cfa_offset 4
 17743 0002 83B0     		sub	sp, sp, #12
 17744              	.LCFI5:
 17745              		.cfi_def_cfa_offset 16
 17746 0004 00AF     		add	r7, sp, #0
 17747              		.cfi_offset 7, -4
 17748              	.LCFI6:
 17749              		.cfi_def_cfa_register 7
 17750 0006 7860     		str	r0, [r7, #4]
 17751 0008 0B46     		mov	r3, r1
 17752 000a FB70     		strb	r3, [r7, #3]
 136:../StdPeripheralDriver/src/stm32f10x_dbgmcu.c ****   /* Check the parameters */
 137:../StdPeripheralDriver/src/stm32f10x_dbgmcu.c ****   assert_param(IS_DBGMCU_PERIPH(DBGMCU_Periph));
 138:../StdPeripheralDriver/src/stm32f10x_dbgmcu.c ****   assert_param(IS_FUNCTIONAL_STATE(NewState));
 139:../StdPeripheralDriver/src/stm32f10x_dbgmcu.c **** 
 140:../StdPeripheralDriver/src/stm32f10x_dbgmcu.c ****   if (NewState != DISABLE)
 17753              		.loc 1 140 0
 17754 000c FB78     		ldrb	r3, [r7, #3]	@ zero_extendqisi2
 17755 000e 002B     		cmp	r3, #0
 17756 0010 07D0     		beq	.L8
 141:../StdPeripheralDriver/src/stm32f10x_dbgmcu.c ****   {
 142:../StdPeripheralDriver/src/stm32f10x_dbgmcu.c ****     DBGMCU->CR |= DBGMCU_Periph;
 17757              		.loc 1 142 0
 17758 0012 0B4B     		ldr	r3, .L10
 17759 0014 0A4A     		ldr	r2, .L10
 17760 0016 5168     		ldr	r1, [r2, #4]
 17761 0018 7A68     		ldr	r2, [r7, #4]
 17762 001a 41EA0202 		orr	r2, r1, r2
 17763 001e 5A60     		str	r2, [r3, #4]
 17764 0020 08E0     		b	.L7
 17765              	.L8:
 143:../StdPeripheralDriver/src/stm32f10x_dbgmcu.c ****   }
 144:../StdPeripheralDriver/src/stm32f10x_dbgmcu.c ****   else
 145:../StdPeripheralDriver/src/stm32f10x_dbgmcu.c ****   {
 146:../StdPeripheralDriver/src/stm32f10x_dbgmcu.c ****     DBGMCU->CR &= ~DBGMCU_Periph;
 17766              		.loc 1 146 0
 17767 0022 074B     		ldr	r3, .L10
 17768 0024 064A     		ldr	r2, .L10
 17769 0026 5168     		ldr	r1, [r2, #4]
 17770 0028 7A68     		ldr	r2, [r7, #4]
 17771 002a 6FEA0202 		mvn	r2, r2
 17772 002e 01EA0202 		and	r2, r1, r2
 17773 0032 5A60     		str	r2, [r3, #4]
 17774              	.L7:
 147:../StdPeripheralDriver/src/stm32f10x_dbgmcu.c ****   }
 148:../StdPeripheralDriver/src/stm32f10x_dbgmcu.c **** }
 17775              		.loc 1 148 0
 17776 0034 07F10C07 		add	r7, r7, #12
 17777 0038 BD46     		mov	sp, r7
 17778 003a 80BC     		pop	{r7}
 17779 003c 7047     		bx	lr
 17780              	.L11:
 17781 003e 00BF     		.align	2
 17782              	.L10:
 17783 0040 002004E0 		.word	-536600576
 17784              		.cfi_endproc
 17785              	.LFE31:
 17787              		.text
 17788              	.Letext0:
DEFINED SYMBOLS
                            *ABS*:00000000 stm32f10x_dbgmcu.c
     /tmp/ccQdRj3I.s:17655  .text.DBGMCU_GetREVID:00000000 $t
     /tmp/ccQdRj3I.s:17660  .text.DBGMCU_GetREVID:00000000 DBGMCU_GetREVID
     /tmp/ccQdRj3I.s:17686  .text.DBGMCU_GetREVID:00000014 $d
     /tmp/ccQdRj3I.s:17691  .text.DBGMCU_GetDEVID:00000000 $t
     /tmp/ccQdRj3I.s:17696  .text.DBGMCU_GetDEVID:00000000 DBGMCU_GetDEVID
     /tmp/ccQdRj3I.s:17723  .text.DBGMCU_GetDEVID:00000018 $d
     /tmp/ccQdRj3I.s:17728  .text.DBGMCU_Config:00000000 $t
     /tmp/ccQdRj3I.s:17733  .text.DBGMCU_Config:00000000 DBGMCU_Config
     /tmp/ccQdRj3I.s:17783  .text.DBGMCU_Config:00000040 $d
                     .debug_frame:00000010 $d

NO UNDEFINED SYMBOLS
