   1              		.syntax unified
   2              		.cpu cortex-m3
   3              		.fpu softvfp
   4              		.eabi_attribute 20, 1
   5              		.eabi_attribute 21, 1
   6              		.eabi_attribute 23, 3
   7              		.eabi_attribute 24, 1
   8              		.eabi_attribute 25, 1
   9              		.eabi_attribute 26, 1
  10              		.eabi_attribute 30, 6
  11              		.eabi_attribute 18, 4
  12              		.thumb
  13              		.file	"stm32f10x_iwdg.c"
  23              	.Ltext0:
  24              		.file 1 "../StdPeripheralDriver/src/stm32f10x_iwdg.c"
 17629              		.align	2
 17630              		.global	IWDG_WriteAccessCmd
 17631              		.thumb
 17632              		.thumb_func
 17634              	IWDG_WriteAccessCmd:
 17635              	.LFB29:
   1:../StdPeripheralDriver/src/stm32f10x_iwdg.c **** /**
   2:../StdPeripheralDriver/src/stm32f10x_iwdg.c ****   ******************************************************************************
   3:../StdPeripheralDriver/src/stm32f10x_iwdg.c ****   * @file    stm32f10x_iwdg.c
   4:../StdPeripheralDriver/src/stm32f10x_iwdg.c ****   * @author  MCD Application Team
   5:../StdPeripheralDriver/src/stm32f10x_iwdg.c ****   * @version V3.5.0
   6:../StdPeripheralDriver/src/stm32f10x_iwdg.c ****   * @date    11-March-2011
   7:../StdPeripheralDriver/src/stm32f10x_iwdg.c ****   * @brief   This file provides all the IWDG firmware functions.
   8:../StdPeripheralDriver/src/stm32f10x_iwdg.c ****   ******************************************************************************
   9:../StdPeripheralDriver/src/stm32f10x_iwdg.c ****   * @attention
  10:../StdPeripheralDriver/src/stm32f10x_iwdg.c ****   *
  11:../StdPeripheralDriver/src/stm32f10x_iwdg.c ****   * THE PRESENT FIRMWARE WHICH IS FOR GUIDANCE ONLY AIMS AT PROVIDING CUSTOMERS
  12:../StdPeripheralDriver/src/stm32f10x_iwdg.c ****   * WITH CODING INFORMATION REGARDING THEIR PRODUCTS IN ORDER FOR THEM TO SAVE
  13:../StdPeripheralDriver/src/stm32f10x_iwdg.c ****   * TIME. AS A RESULT, STMICROELECTRONICS SHALL NOT BE HELD LIABLE FOR ANY
  14:../StdPeripheralDriver/src/stm32f10x_iwdg.c ****   * DIRECT, INDIRECT OR CONSEQUENTIAL DAMAGES WITH RESPECT TO ANY CLAIMS ARISING
  15:../StdPeripheralDriver/src/stm32f10x_iwdg.c ****   * FROM THE CONTENT OF SUCH FIRMWARE AND/OR THE USE MADE BY CUSTOMERS OF THE
  16:../StdPeripheralDriver/src/stm32f10x_iwdg.c ****   * CODING INFORMATION CONTAINED HEREIN IN CONNECTION WITH THEIR PRODUCTS.
  17:../StdPeripheralDriver/src/stm32f10x_iwdg.c ****   *
  18:../StdPeripheralDriver/src/stm32f10x_iwdg.c ****   * <h2><center>&copy; COPYRIGHT 2011 STMicroelectronics</center></h2>
  19:../StdPeripheralDriver/src/stm32f10x_iwdg.c ****   ******************************************************************************
  20:../StdPeripheralDriver/src/stm32f10x_iwdg.c ****   */
  21:../StdPeripheralDriver/src/stm32f10x_iwdg.c **** 
  22:../StdPeripheralDriver/src/stm32f10x_iwdg.c **** /* Includes ------------------------------------------------------------------*/
  23:../StdPeripheralDriver/src/stm32f10x_iwdg.c **** #include "stm32f10x_iwdg.h"
  24:../StdPeripheralDriver/src/stm32f10x_iwdg.c **** 
  25:../StdPeripheralDriver/src/stm32f10x_iwdg.c **** /** @addtogroup STM32F10x_StdPeriph_Driver
  26:../StdPeripheralDriver/src/stm32f10x_iwdg.c ****   * @{
  27:../StdPeripheralDriver/src/stm32f10x_iwdg.c ****   */
  28:../StdPeripheralDriver/src/stm32f10x_iwdg.c **** 
  29:../StdPeripheralDriver/src/stm32f10x_iwdg.c **** /** @defgroup IWDG 
  30:../StdPeripheralDriver/src/stm32f10x_iwdg.c ****   * @brief IWDG driver modules
  31:../StdPeripheralDriver/src/stm32f10x_iwdg.c ****   * @{
  32:../StdPeripheralDriver/src/stm32f10x_iwdg.c ****   */ 
  33:../StdPeripheralDriver/src/stm32f10x_iwdg.c **** 
  34:../StdPeripheralDriver/src/stm32f10x_iwdg.c **** /** @defgroup IWDG_Private_TypesDefinitions
  35:../StdPeripheralDriver/src/stm32f10x_iwdg.c ****   * @{
  36:../StdPeripheralDriver/src/stm32f10x_iwdg.c ****   */
  37:../StdPeripheralDriver/src/stm32f10x_iwdg.c **** 
  38:../StdPeripheralDriver/src/stm32f10x_iwdg.c **** /**
  39:../StdPeripheralDriver/src/stm32f10x_iwdg.c ****   * @}
  40:../StdPeripheralDriver/src/stm32f10x_iwdg.c ****   */
  41:../StdPeripheralDriver/src/stm32f10x_iwdg.c **** 
  42:../StdPeripheralDriver/src/stm32f10x_iwdg.c **** /** @defgroup IWDG_Private_Defines
  43:../StdPeripheralDriver/src/stm32f10x_iwdg.c ****   * @{
  44:../StdPeripheralDriver/src/stm32f10x_iwdg.c ****   */ 
  45:../StdPeripheralDriver/src/stm32f10x_iwdg.c **** 
  46:../StdPeripheralDriver/src/stm32f10x_iwdg.c **** /* ---------------------- IWDG registers bit mask ----------------------------*/
  47:../StdPeripheralDriver/src/stm32f10x_iwdg.c **** 
  48:../StdPeripheralDriver/src/stm32f10x_iwdg.c **** /* KR register bit mask */
  49:../StdPeripheralDriver/src/stm32f10x_iwdg.c **** #define KR_KEY_Reload    ((uint16_t)0xAAAA)
  50:../StdPeripheralDriver/src/stm32f10x_iwdg.c **** #define KR_KEY_Enable    ((uint16_t)0xCCCC)
  51:../StdPeripheralDriver/src/stm32f10x_iwdg.c **** 
  52:../StdPeripheralDriver/src/stm32f10x_iwdg.c **** /**
  53:../StdPeripheralDriver/src/stm32f10x_iwdg.c ****   * @}
  54:../StdPeripheralDriver/src/stm32f10x_iwdg.c ****   */ 
  55:../StdPeripheralDriver/src/stm32f10x_iwdg.c **** 
  56:../StdPeripheralDriver/src/stm32f10x_iwdg.c **** /** @defgroup IWDG_Private_Macros
  57:../StdPeripheralDriver/src/stm32f10x_iwdg.c ****   * @{
  58:../StdPeripheralDriver/src/stm32f10x_iwdg.c ****   */
  59:../StdPeripheralDriver/src/stm32f10x_iwdg.c **** 
  60:../StdPeripheralDriver/src/stm32f10x_iwdg.c **** /**
  61:../StdPeripheralDriver/src/stm32f10x_iwdg.c ****   * @}
  62:../StdPeripheralDriver/src/stm32f10x_iwdg.c ****   */
  63:../StdPeripheralDriver/src/stm32f10x_iwdg.c **** 
  64:../StdPeripheralDriver/src/stm32f10x_iwdg.c **** /** @defgroup IWDG_Private_Variables
  65:../StdPeripheralDriver/src/stm32f10x_iwdg.c ****   * @{
  66:../StdPeripheralDriver/src/stm32f10x_iwdg.c ****   */
  67:../StdPeripheralDriver/src/stm32f10x_iwdg.c **** 
  68:../StdPeripheralDriver/src/stm32f10x_iwdg.c **** /**
  69:../StdPeripheralDriver/src/stm32f10x_iwdg.c ****   * @}
  70:../StdPeripheralDriver/src/stm32f10x_iwdg.c ****   */
  71:../StdPeripheralDriver/src/stm32f10x_iwdg.c **** 
  72:../StdPeripheralDriver/src/stm32f10x_iwdg.c **** /** @defgroup IWDG_Private_FunctionPrototypes
  73:../StdPeripheralDriver/src/stm32f10x_iwdg.c ****   * @{
  74:../StdPeripheralDriver/src/stm32f10x_iwdg.c ****   */
  75:../StdPeripheralDriver/src/stm32f10x_iwdg.c **** 
  76:../StdPeripheralDriver/src/stm32f10x_iwdg.c **** /**
  77:../StdPeripheralDriver/src/stm32f10x_iwdg.c ****   * @}
  78:../StdPeripheralDriver/src/stm32f10x_iwdg.c ****   */
  79:../StdPeripheralDriver/src/stm32f10x_iwdg.c **** 
  80:../StdPeripheralDriver/src/stm32f10x_iwdg.c **** /** @defgroup IWDG_Private_Functions
  81:../StdPeripheralDriver/src/stm32f10x_iwdg.c ****   * @{
  82:../StdPeripheralDriver/src/stm32f10x_iwdg.c ****   */
  83:../StdPeripheralDriver/src/stm32f10x_iwdg.c **** 
  84:../StdPeripheralDriver/src/stm32f10x_iwdg.c **** /**
  85:../StdPeripheralDriver/src/stm32f10x_iwdg.c ****   * @brief  Enables or disables write access to IWDG_PR and IWDG_RLR registers.
  86:../StdPeripheralDriver/src/stm32f10x_iwdg.c ****   * @param  IWDG_WriteAccess: new state of write access to IWDG_PR and IWDG_RLR registers.
  87:../StdPeripheralDriver/src/stm32f10x_iwdg.c ****   *   This parameter can be one of the following values:
  88:../StdPeripheralDriver/src/stm32f10x_iwdg.c ****   *     @arg IWDG_WriteAccess_Enable: Enable write access to IWDG_PR and IWDG_RLR registers
  89:../StdPeripheralDriver/src/stm32f10x_iwdg.c ****   *     @arg IWDG_WriteAccess_Disable: Disable write access to IWDG_PR and IWDG_RLR registers
  90:../StdPeripheralDriver/src/stm32f10x_iwdg.c ****   * @retval None
  91:../StdPeripheralDriver/src/stm32f10x_iwdg.c ****   */
  92:../StdPeripheralDriver/src/stm32f10x_iwdg.c **** void IWDG_WriteAccessCmd(uint16_t IWDG_WriteAccess)
  93:../StdPeripheralDriver/src/stm32f10x_iwdg.c **** {
 17636              		.loc 1 93 0
 17637              		.cfi_startproc
 17638              		@ args = 0, pretend = 0, frame = 8
 17639              		@ frame_needed = 1, uses_anonymous_args = 0
 17640              		@ link register save eliminated.
 17641 0000 80B4     		push	{r7}
 17642              	.LCFI0:
 17643              		.cfi_def_cfa_offset 4
 17644 0002 83B0     		sub	sp, sp, #12
 17645              	.LCFI1:
 17646              		.cfi_def_cfa_offset 16
 17647 0004 00AF     		add	r7, sp, #0
 17648              		.cfi_offset 7, -4
 17649              	.LCFI2:
 17650              		.cfi_def_cfa_register 7
 17651 0006 0346     		mov	r3, r0
 17652 0008 FB80     		strh	r3, [r7, #6]	@ movhi
  94:../StdPeripheralDriver/src/stm32f10x_iwdg.c ****   /* Check the parameters */
  95:../StdPeripheralDriver/src/stm32f10x_iwdg.c ****   assert_param(IS_IWDG_WRITE_ACCESS(IWDG_WriteAccess));
  96:../StdPeripheralDriver/src/stm32f10x_iwdg.c ****   IWDG->KR = IWDG_WriteAccess;
 17653              		.loc 1 96 0
 17654 000a 044B     		ldr	r3, .L2
 17655 000c FA88     		ldrh	r2, [r7, #6]
 17656 000e 1A60     		str	r2, [r3, #0]
  97:../StdPeripheralDriver/src/stm32f10x_iwdg.c **** }
 17657              		.loc 1 97 0
 17658 0010 07F10C07 		add	r7, r7, #12
 17659 0014 BD46     		mov	sp, r7
 17660 0016 80BC     		pop	{r7}
 17661 0018 7047     		bx	lr
 17662              	.L3:
 17663 001a 00BF     		.align	2
 17664              	.L2:
 17665 001c 00300040 		.word	1073754112
 17666              		.cfi_endproc
 17667              	.LFE29:
 17669              		.section	.text.IWDG_SetPrescaler,"ax",%progbits
 17670              		.align	2
 17671              		.global	IWDG_SetPrescaler
 17672              		.thumb
 17673              		.thumb_func
 17675              	IWDG_SetPrescaler:
 17676              	.LFB30:
  98:../StdPeripheralDriver/src/stm32f10x_iwdg.c **** 
  99:../StdPeripheralDriver/src/stm32f10x_iwdg.c **** /**
 100:../StdPeripheralDriver/src/stm32f10x_iwdg.c ****   * @brief  Sets IWDG Prescaler value.
 101:../StdPeripheralDriver/src/stm32f10x_iwdg.c ****   * @param  IWDG_Prescaler: specifies the IWDG Prescaler value.
 102:../StdPeripheralDriver/src/stm32f10x_iwdg.c ****   *   This parameter can be one of the following values:
 103:../StdPeripheralDriver/src/stm32f10x_iwdg.c ****   *     @arg IWDG_Prescaler_4: IWDG prescaler set to 4
 104:../StdPeripheralDriver/src/stm32f10x_iwdg.c ****   *     @arg IWDG_Prescaler_8: IWDG prescaler set to 8
 105:../StdPeripheralDriver/src/stm32f10x_iwdg.c ****   *     @arg IWDG_Prescaler_16: IWDG prescaler set to 16
 106:../StdPeripheralDriver/src/stm32f10x_iwdg.c ****   *     @arg IWDG_Prescaler_32: IWDG prescaler set to 32
 107:../StdPeripheralDriver/src/stm32f10x_iwdg.c ****   *     @arg IWDG_Prescaler_64: IWDG prescaler set to 64
 108:../StdPeripheralDriver/src/stm32f10x_iwdg.c ****   *     @arg IWDG_Prescaler_128: IWDG prescaler set to 128
 109:../StdPeripheralDriver/src/stm32f10x_iwdg.c ****   *     @arg IWDG_Prescaler_256: IWDG prescaler set to 256
 110:../StdPeripheralDriver/src/stm32f10x_iwdg.c ****   * @retval None
 111:../StdPeripheralDriver/src/stm32f10x_iwdg.c ****   */
 112:../StdPeripheralDriver/src/stm32f10x_iwdg.c **** void IWDG_SetPrescaler(uint8_t IWDG_Prescaler)
 113:../StdPeripheralDriver/src/stm32f10x_iwdg.c **** {
 17677              		.loc 1 113 0
 17678              		.cfi_startproc
 17679              		@ args = 0, pretend = 0, frame = 8
 17680              		@ frame_needed = 1, uses_anonymous_args = 0
 17681              		@ link register save eliminated.
 17682 0000 80B4     		push	{r7}
 17683              	.LCFI3:
 17684              		.cfi_def_cfa_offset 4
 17685 0002 83B0     		sub	sp, sp, #12
 17686              	.LCFI4:
 17687              		.cfi_def_cfa_offset 16
 17688 0004 00AF     		add	r7, sp, #0
 17689              		.cfi_offset 7, -4
 17690              	.LCFI5:
 17691              		.cfi_def_cfa_register 7
 17692 0006 0346     		mov	r3, r0
 17693 0008 FB71     		strb	r3, [r7, #7]
 114:../StdPeripheralDriver/src/stm32f10x_iwdg.c ****   /* Check the parameters */
 115:../StdPeripheralDriver/src/stm32f10x_iwdg.c ****   assert_param(IS_IWDG_PRESCALER(IWDG_Prescaler));
 116:../StdPeripheralDriver/src/stm32f10x_iwdg.c ****   IWDG->PR = IWDG_Prescaler;
 17694              		.loc 1 116 0
 17695 000a 044B     		ldr	r3, .L5
 17696 000c FA79     		ldrb	r2, [r7, #7]	@ zero_extendqisi2
 17697 000e 5A60     		str	r2, [r3, #4]
 117:../StdPeripheralDriver/src/stm32f10x_iwdg.c **** }
 17698              		.loc 1 117 0
 17699 0010 07F10C07 		add	r7, r7, #12
 17700 0014 BD46     		mov	sp, r7
 17701 0016 80BC     		pop	{r7}
 17702 0018 7047     		bx	lr
 17703              	.L6:
 17704 001a 00BF     		.align	2
 17705              	.L5:
 17706 001c 00300040 		.word	1073754112
 17707              		.cfi_endproc
 17708              	.LFE30:
 17710              		.section	.text.IWDG_SetReload,"ax",%progbits
 17711              		.align	2
 17712              		.global	IWDG_SetReload
 17713              		.thumb
 17714              		.thumb_func
 17716              	IWDG_SetReload:
 17717              	.LFB31:
 118:../StdPeripheralDriver/src/stm32f10x_iwdg.c **** 
 119:../StdPeripheralDriver/src/stm32f10x_iwdg.c **** /**
 120:../StdPeripheralDriver/src/stm32f10x_iwdg.c ****   * @brief  Sets IWDG Reload value.
 121:../StdPeripheralDriver/src/stm32f10x_iwdg.c ****   * @param  Reload: specifies the IWDG Reload value.
 122:../StdPeripheralDriver/src/stm32f10x_iwdg.c ****   *   This parameter must be a number between 0 and 0x0FFF.
 123:../StdPeripheralDriver/src/stm32f10x_iwdg.c ****   * @retval None
 124:../StdPeripheralDriver/src/stm32f10x_iwdg.c ****   */
 125:../StdPeripheralDriver/src/stm32f10x_iwdg.c **** void IWDG_SetReload(uint16_t Reload)
 126:../StdPeripheralDriver/src/stm32f10x_iwdg.c **** {
 17718              		.loc 1 126 0
 17719              		.cfi_startproc
 17720              		@ args = 0, pretend = 0, frame = 8
 17721              		@ frame_needed = 1, uses_anonymous_args = 0
 17722              		@ link register save eliminated.
 17723 0000 80B4     		push	{r7}
 17724              	.LCFI6:
 17725              		.cfi_def_cfa_offset 4
 17726 0002 83B0     		sub	sp, sp, #12
 17727              	.LCFI7:
 17728              		.cfi_def_cfa_offset 16
 17729 0004 00AF     		add	r7, sp, #0
 17730              		.cfi_offset 7, -4
 17731              	.LCFI8:
 17732              		.cfi_def_cfa_register 7
 17733 0006 0346     		mov	r3, r0
 17734 0008 FB80     		strh	r3, [r7, #6]	@ movhi
 127:../StdPeripheralDriver/src/stm32f10x_iwdg.c ****   /* Check the parameters */
 128:../StdPeripheralDriver/src/stm32f10x_iwdg.c ****   assert_param(IS_IWDG_RELOAD(Reload));
 129:../StdPeripheralDriver/src/stm32f10x_iwdg.c ****   IWDG->RLR = Reload;
 17735              		.loc 1 129 0
 17736 000a 044B     		ldr	r3, .L8
 17737 000c FA88     		ldrh	r2, [r7, #6]
 17738 000e 9A60     		str	r2, [r3, #8]
 130:../StdPeripheralDriver/src/stm32f10x_iwdg.c **** }
 17739              		.loc 1 130 0
 17740 0010 07F10C07 		add	r7, r7, #12
 17741 0014 BD46     		mov	sp, r7
 17742 0016 80BC     		pop	{r7}
 17743 0018 7047     		bx	lr
 17744              	.L9:
 17745 001a 00BF     		.align	2
 17746              	.L8:
 17747 001c 00300040 		.word	1073754112
 17748              		.cfi_endproc
 17749              	.LFE31:
 17751              		.section	.text.IWDG_ReloadCounter,"ax",%progbits
 17752              		.align	2
 17753              		.global	IWDG_ReloadCounter
 17754              		.thumb
 17755              		.thumb_func
 17757              	IWDG_ReloadCounter:
 17758              	.LFB32:
 131:../StdPeripheralDriver/src/stm32f10x_iwdg.c **** 
 132:../StdPeripheralDriver/src/stm32f10x_iwdg.c **** /**
 133:../StdPeripheralDriver/src/stm32f10x_iwdg.c ****   * @brief  Reloads IWDG counter with value defined in the reload register
 134:../StdPeripheralDriver/src/stm32f10x_iwdg.c ****   *   (write access to IWDG_PR and IWDG_RLR registers disabled).
 135:../StdPeripheralDriver/src/stm32f10x_iwdg.c ****   * @param  None
 136:../StdPeripheralDriver/src/stm32f10x_iwdg.c ****   * @retval None
 137:../StdPeripheralDriver/src/stm32f10x_iwdg.c ****   */
 138:../StdPeripheralDriver/src/stm32f10x_iwdg.c **** void IWDG_ReloadCounter(void)
 139:../StdPeripheralDriver/src/stm32f10x_iwdg.c **** {
 17759              		.loc 1 139 0
 17760              		.cfi_startproc
 17761              		@ args = 0, pretend = 0, frame = 0
 17762              		@ frame_needed = 1, uses_anonymous_args = 0
 17763              		@ link register save eliminated.
 17764 0000 80B4     		push	{r7}
 17765              	.LCFI9:
 17766              		.cfi_def_cfa_offset 4
 17767 0002 00AF     		add	r7, sp, #0
 17768              		.cfi_offset 7, -4
 17769              	.LCFI10:
 17770              		.cfi_def_cfa_register 7
 140:../StdPeripheralDriver/src/stm32f10x_iwdg.c ****   IWDG->KR = KR_KEY_Reload;
 17771              		.loc 1 140 0
 17772 0004 034B     		ldr	r3, .L11
 17773 0006 4AF6AA22 		movw	r2, #43690
 17774 000a 1A60     		str	r2, [r3, #0]
 141:../StdPeripheralDriver/src/stm32f10x_iwdg.c **** }
 17775              		.loc 1 141 0
 17776 000c BD46     		mov	sp, r7
 17777 000e 80BC     		pop	{r7}
 17778 0010 7047     		bx	lr
 17779              	.L12:
 17780 0012 00BF     		.align	2
 17781              	.L11:
 17782 0014 00300040 		.word	1073754112
 17783              		.cfi_endproc
 17784              	.LFE32:
 17786              		.section	.text.IWDG_Enable,"ax",%progbits
 17787              		.align	2
 17788              		.global	IWDG_Enable
 17789              		.thumb
 17790              		.thumb_func
 17792              	IWDG_Enable:
 17793              	.LFB33:
 142:../StdPeripheralDriver/src/stm32f10x_iwdg.c **** 
 143:../StdPeripheralDriver/src/stm32f10x_iwdg.c **** /**
 144:../StdPeripheralDriver/src/stm32f10x_iwdg.c ****   * @brief  Enables IWDG (write access to IWDG_PR and IWDG_RLR registers disabled).
 145:../StdPeripheralDriver/src/stm32f10x_iwdg.c ****   * @param  None
 146:../StdPeripheralDriver/src/stm32f10x_iwdg.c ****   * @retval None
 147:../StdPeripheralDriver/src/stm32f10x_iwdg.c ****   */
 148:../StdPeripheralDriver/src/stm32f10x_iwdg.c **** void IWDG_Enable(void)
 149:../StdPeripheralDriver/src/stm32f10x_iwdg.c **** {
 17794              		.loc 1 149 0
 17795              		.cfi_startproc
 17796              		@ args = 0, pretend = 0, frame = 0
 17797              		@ frame_needed = 1, uses_anonymous_args = 0
 17798              		@ link register save eliminated.
 17799 0000 80B4     		push	{r7}
 17800              	.LCFI11:
 17801              		.cfi_def_cfa_offset 4
 17802 0002 00AF     		add	r7, sp, #0
 17803              		.cfi_offset 7, -4
 17804              	.LCFI12:
 17805              		.cfi_def_cfa_register 7
 150:../StdPeripheralDriver/src/stm32f10x_iwdg.c ****   IWDG->KR = KR_KEY_Enable;
 17806              		.loc 1 150 0
 17807 0004 034B     		ldr	r3, .L14
 17808 0006 4CF6CC42 		movw	r2, #52428
 17809 000a 1A60     		str	r2, [r3, #0]
 151:../StdPeripheralDriver/src/stm32f10x_iwdg.c **** }
 17810              		.loc 1 151 0
 17811 000c BD46     		mov	sp, r7
 17812 000e 80BC     		pop	{r7}
 17813 0010 7047     		bx	lr
 17814              	.L15:
 17815 0012 00BF     		.align	2
 17816              	.L14:
 17817 0014 00300040 		.word	1073754112
 17818              		.cfi_endproc
 17819              	.LFE33:
 17821              		.section	.text.IWDG_GetFlagStatus,"ax",%progbits
 17822              		.align	2
 17823              		.global	IWDG_GetFlagStatus
 17824              		.thumb
 17825              		.thumb_func
 17827              	IWDG_GetFlagStatus:
 17828              	.LFB34:
 152:../StdPeripheralDriver/src/stm32f10x_iwdg.c **** 
 153:../StdPeripheralDriver/src/stm32f10x_iwdg.c **** /**
 154:../StdPeripheralDriver/src/stm32f10x_iwdg.c ****   * @brief  Checks whether the specified IWDG flag is set or not.
 155:../StdPeripheralDriver/src/stm32f10x_iwdg.c ****   * @param  IWDG_FLAG: specifies the flag to check.
 156:../StdPeripheralDriver/src/stm32f10x_iwdg.c ****   *   This parameter can be one of the following values:
 157:../StdPeripheralDriver/src/stm32f10x_iwdg.c ****   *     @arg IWDG_FLAG_PVU: Prescaler Value Update on going
 158:../StdPeripheralDriver/src/stm32f10x_iwdg.c ****   *     @arg IWDG_FLAG_RVU: Reload Value Update on going
 159:../StdPeripheralDriver/src/stm32f10x_iwdg.c ****   * @retval The new state of IWDG_FLAG (SET or RESET).
 160:../StdPeripheralDriver/src/stm32f10x_iwdg.c ****   */
 161:../StdPeripheralDriver/src/stm32f10x_iwdg.c **** FlagStatus IWDG_GetFlagStatus(uint16_t IWDG_FLAG)
 162:../StdPeripheralDriver/src/stm32f10x_iwdg.c **** {
 17829              		.loc 1 162 0
 17830              		.cfi_startproc
 17831              		@ args = 0, pretend = 0, frame = 16
 17832              		@ frame_needed = 1, uses_anonymous_args = 0
 17833              		@ link register save eliminated.
 17834 0000 80B4     		push	{r7}
 17835              	.LCFI13:
 17836              		.cfi_def_cfa_offset 4
 17837 0002 85B0     		sub	sp, sp, #20
 17838              	.LCFI14:
 17839              		.cfi_def_cfa_offset 24
 17840 0004 00AF     		add	r7, sp, #0
 17841              		.cfi_offset 7, -4
 17842              	.LCFI15:
 17843              		.cfi_def_cfa_register 7
 17844 0006 0346     		mov	r3, r0
 17845 0008 FB80     		strh	r3, [r7, #6]	@ movhi
 163:../StdPeripheralDriver/src/stm32f10x_iwdg.c ****   FlagStatus bitstatus = RESET;
 17846              		.loc 1 163 0
 17847 000a 4FF00003 		mov	r3, #0
 17848 000e FB73     		strb	r3, [r7, #15]
 164:../StdPeripheralDriver/src/stm32f10x_iwdg.c ****   /* Check the parameters */
 165:../StdPeripheralDriver/src/stm32f10x_iwdg.c ****   assert_param(IS_IWDG_FLAG(IWDG_FLAG));
 166:../StdPeripheralDriver/src/stm32f10x_iwdg.c ****   if ((IWDG->SR & IWDG_FLAG) != (uint32_t)RESET)
 17849              		.loc 1 166 0
 17850 0010 0A4B     		ldr	r3, .L19
 17851 0012 DA68     		ldr	r2, [r3, #12]
 17852 0014 FB88     		ldrh	r3, [r7, #6]
 17853 0016 02EA0303 		and	r3, r2, r3
 17854 001a 002B     		cmp	r3, #0
 17855 001c 03D0     		beq	.L17
 167:../StdPeripheralDriver/src/stm32f10x_iwdg.c ****   {
 168:../StdPeripheralDriver/src/stm32f10x_iwdg.c ****     bitstatus = SET;
 17856              		.loc 1 168 0
 17857 001e 4FF00103 		mov	r3, #1
 17858 0022 FB73     		strb	r3, [r7, #15]
 17859 0024 02E0     		b	.L18
 17860              	.L17:
 169:../StdPeripheralDriver/src/stm32f10x_iwdg.c ****   }
 170:../StdPeripheralDriver/src/stm32f10x_iwdg.c ****   else
 171:../StdPeripheralDriver/src/stm32f10x_iwdg.c ****   {
 172:../StdPeripheralDriver/src/stm32f10x_iwdg.c ****     bitstatus = RESET;
 17861              		.loc 1 172 0
 17862 0026 4FF00003 		mov	r3, #0
 17863 002a FB73     		strb	r3, [r7, #15]
 17864              	.L18:
 173:../StdPeripheralDriver/src/stm32f10x_iwdg.c ****   }
 174:../StdPeripheralDriver/src/stm32f10x_iwdg.c ****   /* Return the flag status */
 175:../StdPeripheralDriver/src/stm32f10x_iwdg.c ****   return bitstatus;
 17865              		.loc 1 175 0
 17866 002c FB7B     		ldrb	r3, [r7, #15]	@ zero_extendqisi2
 176:../StdPeripheralDriver/src/stm32f10x_iwdg.c **** }
 17867              		.loc 1 176 0
 17868 002e 1846     		mov	r0, r3
 17869 0030 07F11407 		add	r7, r7, #20
 17870 0034 BD46     		mov	sp, r7
 17871 0036 80BC     		pop	{r7}
 17872 0038 7047     		bx	lr
 17873              	.L20:
 17874 003a 00BF     		.align	2
 17875              	.L19:
 17876 003c 00300040 		.word	1073754112
 17877              		.cfi_endproc
 17878              	.LFE34:
 17880              		.text
 17881              	.Letext0:
DEFINED SYMBOLS
                            *ABS*:00000000 stm32f10x_iwdg.c
     /tmp/ccmIQonP.s:17629  .text.IWDG_WriteAccessCmd:00000000 $t
     /tmp/ccmIQonP.s:17634  .text.IWDG_WriteAccessCmd:00000000 IWDG_WriteAccessCmd
     /tmp/ccmIQonP.s:17665  .text.IWDG_WriteAccessCmd:0000001c $d
     /tmp/ccmIQonP.s:17670  .text.IWDG_SetPrescaler:00000000 $t
     /tmp/ccmIQonP.s:17675  .text.IWDG_SetPrescaler:00000000 IWDG_SetPrescaler
     /tmp/ccmIQonP.s:17706  .text.IWDG_SetPrescaler:0000001c $d
     /tmp/ccmIQonP.s:17711  .text.IWDG_SetReload:00000000 $t
     /tmp/ccmIQonP.s:17716  .text.IWDG_SetReload:00000000 IWDG_SetReload
     /tmp/ccmIQonP.s:17747  .text.IWDG_SetReload:0000001c $d
     /tmp/ccmIQonP.s:17752  .text.IWDG_ReloadCounter:00000000 $t
     /tmp/ccmIQonP.s:17757  .text.IWDG_ReloadCounter:00000000 IWDG_ReloadCounter
     /tmp/ccmIQonP.s:17782  .text.IWDG_ReloadCounter:00000014 $d
     /tmp/ccmIQonP.s:17787  .text.IWDG_Enable:00000000 $t
     /tmp/ccmIQonP.s:17792  .text.IWDG_Enable:00000000 IWDG_Enable
     /tmp/ccmIQonP.s:17817  .text.IWDG_Enable:00000014 $d
     /tmp/ccmIQonP.s:17822  .text.IWDG_GetFlagStatus:00000000 $t
     /tmp/ccmIQonP.s:17827  .text.IWDG_GetFlagStatus:00000000 IWDG_GetFlagStatus
     /tmp/ccmIQonP.s:17876  .text.IWDG_GetFlagStatus:0000003c $d
                     .debug_frame:00000010 $d

NO UNDEFINED SYMBOLS
